###
### Using 'gcc' toolset.
###
rm -rf bootstrap
mkdir bootstrap
gcc -o bootstrap/jam0 command.c compile.c constants.c debug.c execcmd.c frames.c function.c glob.c hash.c hdrmacro.c headers.c jam.c jambase.c jamgram.c lists.c make.c make1.c object.c option.c output.c parse.c pathsys.c regexp.c rules.c scan.c search.c subst.c timestamp.c variable.c modules.c strings.c filesys.c builtins.c class.c cwd.c native.c md5.c w32_getreg.c modules/set.c modules/path.c modules/regex.c modules/property-set.c modules/sequence.c modules/order.c execunix.c fileunix.c pathunix.c
execcmd.c: In function ‘onintr’:
execcmd.c:120:5: warning: implicit declaration of function ‘out_printf’; did you mean ‘lol_print’? [-Wimplicit-function-declaration]
     out_printf( "...interrupted\n" );
     ^~~~~~~~~~
     lol_print
jam.c: In function ‘main’:
jam.c:669:5: warning: implicit declaration of function ‘exec_done’; did you mean ‘regex_done’? [-Wimplicit-function-declaration]
     exec_done();
     ^~~~~~~~~
     regex_done
make.c: In function ‘make’:
make.c:105:5: warning: implicit declaration of function ‘exec_init’; did you mean ‘lol_init’? [-Wimplicit-function-declaration]
     exec_init();
     ^~~~~~~~~
     lol_init
make.c:136:13: warning: implicit declaration of function ‘out_printf’; did you mean ‘lol_print’? [-Wimplicit-function-declaration]
             out_printf( "...found %d target%s...\n", counts->targets,
             ^~~~~~~~~~
             lol_print
make.c: In function ‘make0’:
make.c:739:13: warning: implicit declaration of function ‘out_flush’; did you mean ‘fflush’? [-Wimplicit-function-declaration]
             out_flush();
             ^~~~~~~~~
             fflush
filesys.c: In function ‘file_archivescan_impl’:
filesys.c:360:10: warning: implicit declaration of function ‘filelist_empty’; did you mean ‘filelist_next’? [-Wimplicit-function-declaration]
     if ( filelist_empty( archive->members ) )
          ^~~~~~~~~~~~~~
          filelist_next
modules/path.c: In function ‘path_exists’:
modules/path.c:16:12: warning: implicit declaration of function ‘file_query’ [-Wimplicit-function-declaration]
     return file_query( list_front( lol_get( frame->args, 0 ) ) ) ?
            ^~~~~~~~~~
fileunix.c: In function ‘file_archscan’:
fileunix.c:236:10: warning: implicit declaration of function ‘filelist_empty’; did you mean ‘filelist_next’? [-Wimplicit-function-declaration]
     if ( filelist_empty( archive->members ) )
          ^~~~~~~~~~~~~~
          filelist_next
fileunix.c:238:14: warning: implicit declaration of function ‘file_collect_archive_content_’; did you mean ‘file_collect_dir_content_’? [-Wimplicit-function-declaration]
         if ( file_collect_archive_content_( archive ) < 0 )
              ^~~~~~~~~~~~~~~~~~~~~~~~~~~~~
              file_collect_dir_content_
./bootstrap/jam0 -f build.jam --toolset=gcc --toolset-root= clean
...found 1 target...
...updating 1 target...
...updated 1 target...
./bootstrap/jam0 -f build.jam --toolset=gcc --toolset-root=
...found 160 targets...
...updating 3 targets...
[MKDIR] bin.linuxx86_64
[COMPILE] bin.linuxx86_64/b2
debugger.c: In function ‘debug_print_frame’:
debugger.c:402:17: warning: too many arguments for format [-Wformat-extra-args]
         printf( "( ", frame->rulename );
                 ^~~~
debugger.c: In function ‘debug_print_frame_info’:
debugger.c:431:17: warning: too many arguments for format [-Wformat-extra-args]
         printf( "( ", frame->rulename );
                 ^~~~
debugger.c: In function ‘debug_start_child’:
debugger.c:1180:5: warning: implicit declaration of function ‘pipe’; did you mean ‘popen’? [-Wimplicit-function-declaration]
     pipe(pipe1);
     ^~~~
     popen
debugger.c:1182:11: warning: implicit declaration of function ‘fork’ [-Wimplicit-function-declaration]
     pid = fork();
           ^~~~
debugger.c:1186:9: warning: implicit declaration of function ‘close’; did you mean ‘pclose’? [-Wimplicit-function-declaration]
         close( pipe1[ 0 ] );
         ^~~~~
         pclose
debugger.c: In function ‘debug_mi_format_breakpoint’:
debugger.c:1776:13: warning: zero-length gnu_printf format string [-Wformat-zero-length]
     printf( "" );
             ^~
debugger.c: In function ‘run_command’:
debugger.c:2627:12: warning: implicit declaration of function ‘isdigit’ [-Wimplicit-function-declaration]
     while( isdigit( *command_name ) ) ++command_name;
            ^~~~~~~
debugger.c: In function ‘process_command’:
debugger.c:2654:26: warning: implicit declaration of function ‘isspace’ [-Wimplicit-function-declaration]
         while ( *iter && isspace( *iter ) )
                          ^~~~~~~
debugger.c: In function ‘debug_list_read’:
debugger.c:163:5: warning: ignoring return value of ‘fscanf’, declared with attribute warn_unused_result [-Wunused-result]
     fscanf( in, "%d", &len );
     ^~~~~~~~~~~~~~~~~~~~~~~~
execcmd.c: In function ‘onintr’:
execcmd.c:120:5: warning: implicit declaration of function ‘out_printf’; did you mean ‘lol_print’? [-Wimplicit-function-declaration]
     out_printf( "...interrupted\n" );
     ^~~~~~~~~~
     lol_print
jam.c: In function ‘main’:
jam.c:669:5: warning: implicit declaration of function ‘exec_done’; did you mean ‘regex_done’? [-Wimplicit-function-declaration]
     exec_done();
     ^~~~~~~~~
     regex_done
make.c: In function ‘make’:
make.c:105:5: warning: implicit declaration of function ‘exec_init’; did you mean ‘lol_init’? [-Wimplicit-function-declaration]
     exec_init();
     ^~~~~~~~~
     lol_init
make.c:136:13: warning: implicit declaration of function ‘out_printf’; did you mean ‘lol_print’? [-Wimplicit-function-declaration]
             out_printf( "...found %d target%s...\n", counts->targets,
             ^~~~~~~~~~
             lol_print
filesys.c: In function ‘file_archivescan_impl’:
filesys.c:360:10: warning: implicit declaration of function ‘filelist_empty’; did you mean ‘filelist_next’? [-Wimplicit-function-declaration]
     if ( filelist_empty( archive->members ) )
          ^~~~~~~~~~~~~~
          filelist_next
modules/path.c: In function ‘path_exists’:
modules/path.c:16:12: warning: implicit declaration of function ‘file_query’ [-Wimplicit-function-declaration]
     return file_query( list_front( lol_get( frame->args, 0 ) ) ) ?
            ^~~~~~~~~~
fileunix.c: In function ‘file_archscan’:
fileunix.c:236:10: warning: implicit declaration of function ‘filelist_empty’; did you mean ‘filelist_next’? [-Wimplicit-function-declaration]
     if ( filelist_empty( archive->members ) )
          ^~~~~~~~~~~~~~
          filelist_next
fileunix.c:238:14: warning: implicit declaration of function ‘file_collect_archive_content_’; did you mean ‘file_collect_dir_content_’? [-Wimplicit-function-declaration]
         if ( file_collect_archive_content_( archive ) < 0 )
              ^~~~~~~~~~~~~~~~~~~~~~~~~~~~~
              file_collect_dir_content_
[COPY] bin.linuxx86_64/bjam
...updated 3 targets...
